2026-05-08 23:49:54 | WARNING  | src.utils.helpers | Migrations directory not found: /nonexistent
2026-05-08 23:49:54 | WARNING  | src.notifier.slack_notifier | SLACK_WEBHOOK_URL is not set. Skipping Slack notification.
2026-05-08 23:49:54 | INFO     | src.notifier.slack_notifier | Slack notification sent successfully.
2026-05-08 23:49:54 | INFO     | src.notifier.slack_notifier | Slack notification sent successfully.
2026-05-08 23:49:54 | INFO     | src.validator.migration_validator | Running migration validations on: C:\Users\dell\AppData\Local\Temp\tmpwfn02if_
2026-05-08 23:49:54 | INFO     | src.validator.migration_validator | Found 2 migration file(s).
2026-05-08 23:49:54 | INFO     | src.validator.migration_validator | Validation passed.
2026-05-08 23:49:54 | INFO     | src.validator.migration_validator | Running migration validations on: C:\Users\dell\AppData\Local\Temp\tmp8o4llxhy
2026-05-08 23:49:54 | INFO     | src.validator.migration_validator | Found 1 migration file(s).
2026-05-08 23:49:54 | ERROR    | src.validator.migration_validator | Validation failed:
Errors:
  - Invalid filename format: 'create_users.sql'. Expected format: V<version>__<description>.sql
2026-05-08 23:49:54 | INFO     | src.validator.migration_validator | Running migration validations on: C:\Users\dell\AppData\Local\Temp\tmp1v4ttv17
2026-05-08 23:49:54 | INFO     | src.validator.migration_validator | Found 1 migration file(s).
2026-05-08 23:49:54 | ERROR    | src.validator.migration_validator | Validation failed:
Errors:
  - Invalid filename format: 'v1__create_users.sql'. Expected format: V<version>__<description>.sql
2026-05-08 23:49:54 | INFO     | src.validator.migration_validator | Running migration validations on: C:\Users\dell\AppData\Local\Temp\tmp8lss56ik
2026-05-08 23:49:54 | INFO     | src.validator.migration_validator | Found 2 migration file(s).
2026-05-08 23:49:54 | ERROR    | src.validator.migration_validator | Validation failed:
Errors:
  - Duplicate version number 1: 'V1__another_table.sql' and 'V1__create_users.sql'
Warnings:
  - Non-sequential version number: expected V2 but found V1. Gaps in version sequence detected.
2026-05-08 23:49:54 | INFO     | src.validator.migration_validator | Running migration validations on: C:\Users\dell\AppData\Local\Temp\tmpqqubzf5x
2026-05-08 23:49:54 | INFO     | src.validator.migration_validator | Found 2 migration file(s).
2026-05-08 23:49:54 | INFO     | src.validator.migration_validator | Validation passed.
2026-05-08 23:49:54 | INFO     | src.validator.migration_validator | Running migration validations on: C:\Users\dell\AppData\Local\Temp\tmph2bhr89v
2026-05-08 23:49:54 | INFO     | src.validator.migration_validator | Found 1 migration file(s).
2026-05-08 23:49:54 | ERROR    | src.validator.migration_validator | Validation failed:
Errors:
  - Migration file is empty: 'V1__create_users.sql'
2026-05-08 23:49:54 | INFO     | src.validator.migration_validator | Running migration validations on: C:\Users\dell\AppData\Local\Temp\tmpxanuidx8
2026-05-08 23:49:54 | INFO     | src.validator.migration_validator | Found 1 migration file(s).
2026-05-08 23:49:54 | ERROR    | src.validator.migration_validator | Validation failed:
Errors:
  - Migration file is empty: 'V1__create_users.sql'
2026-05-08 23:49:54 | INFO     | src.validator.migration_validator | Running migration validations on: C:\Users\dell\AppData\Local\Temp\tmpchqoggrc
2026-05-08 23:49:54 | INFO     | src.validator.migration_validator | Found 1 migration file(s).
2026-05-08 23:49:54 | INFO     | src.validator.migration_validator | Validation passed.
2026-05-08 23:49:54 | INFO     | src.validator.migration_validator | Running migration validations on: C:\Users\dell\AppData\Local\Temp\tmp3w7n1er0
2026-05-08 23:49:54 | INFO     | src.validator.migration_validator | Found 1 migration file(s).
2026-05-08 23:49:54 | INFO     | src.validator.migration_validator | Validation passed.
2026-05-08 23:49:54 | INFO     | src.validator.migration_validator | Running migration validations on: /nonexistent/path
2026-05-08 23:49:54 | INFO     | src.validator.migration_validator | Running migration validations on: C:\Users\dell\AppData\Local\Temp\tmpgrg1hq4k
