2026-05-08 23:44:19 | WARNING  | src.utils.helpers | Migrations directory not found: /nonexistent
2026-05-08 23:44:19 | WARNING  | src.notifier.slack_notifier | SLACK_WEBHOOK_URL is not set. Skipping Slack notification.
2026-05-08 23:44:20 | INFO     | src.notifier.slack_notifier | Slack notification sent successfully.
2026-05-08 23:44:21 | INFO     | src.notifier.slack_notifier | Slack notification sent successfully.
2026-05-08 23:44:21 | INFO     | src.validator.migration_validator | Running migration validations on: C:\Users\dell\AppData\Local\Temp\tmpjmd52z6m
2026-05-08 23:44:22 | INFO     | src.validator.migration_validator | Found 2 migration file(s).
2026-05-08 23:44:22 | INFO     | src.validator.migration_validator | Validation passed.
2026-05-08 23:44:22 | INFO     | src.validator.migration_validator | Running migration validations on: C:\Users\dell\AppData\Local\Temp\tmpif8nwjc0
2026-05-08 23:44:22 | INFO     | src.validator.migration_validator | Found 1 migration file(s).
2026-05-08 23:44:22 | ERROR    | src.validator.migration_validator | Validation failed:
Errors:
  - Invalid filename format: 'create_users.sql'. Expected format: V<version>__<description>.sql
2026-05-08 23:44:22 | INFO     | src.validator.migration_validator | Running migration validations on: C:\Users\dell\AppData\Local\Temp\tmpkj13s1h6
2026-05-08 23:44:22 | INFO     | src.validator.migration_validator | Found 1 migration file(s).
2026-05-08 23:44:22 | ERROR    | src.validator.migration_validator | Validation failed:
Errors:
  - Invalid filename format: 'v1__create_users.sql'. Expected format: V<version>__<description>.sql
2026-05-08 23:44:22 | INFO     | src.validator.migration_validator | Running migration validations on: C:\Users\dell\AppData\Local\Temp\tmpwep4mtfz
2026-05-08 23:44:22 | INFO     | src.validator.migration_validator | Found 2 migration file(s).
2026-05-08 23:44:22 | ERROR    | src.validator.migration_validator | Validation failed:
Errors:
  - Duplicate version number 1: 'V1__another_table.sql' and 'V1__create_users.sql'
Warnings:
  - Non-sequential version number: expected V2 but found V1. Gaps in version sequence detected.
2026-05-08 23:44:23 | INFO     | src.validator.migration_validator | Running migration validations on: C:\Users\dell\AppData\Local\Temp\tmpjy42wpig
2026-05-08 23:44:23 | INFO     | src.validator.migration_validator | Found 2 migration file(s).
2026-05-08 23:44:23 | INFO     | src.validator.migration_validator | Validation passed.
2026-05-08 23:44:23 | INFO     | src.validator.migration_validator | Running migration validations on: C:\Users\dell\AppData\Local\Temp\tmphf08sgpu
2026-05-08 23:44:23 | INFO     | src.validator.migration_validator | Found 1 migration file(s).
2026-05-08 23:44:23 | ERROR    | src.validator.migration_validator | Validation failed:
Errors:
  - Migration file is empty: 'V1__create_users.sql'
2026-05-08 23:44:23 | INFO     | src.validator.migration_validator | Running migration validations on: C:\Users\dell\AppData\Local\Temp\tmpyg3foxp7
2026-05-08 23:44:23 | INFO     | src.validator.migration_validator | Found 1 migration file(s).
2026-05-08 23:44:23 | ERROR    | src.validator.migration_validator | Validation failed:
Errors:
  - Migration file is empty: 'V1__create_users.sql'
2026-05-08 23:44:23 | INFO     | src.validator.migration_validator | Running migration validations on: C:\Users\dell\AppData\Local\Temp\tmppei2n2_o
2026-05-08 23:44:23 | INFO     | src.validator.migration_validator | Found 1 migration file(s).
2026-05-08 23:44:23 | INFO     | src.validator.migration_validator | Validation passed.
2026-05-08 23:44:23 | INFO     | src.validator.migration_validator | Running migration validations on: C:\Users\dell\AppData\Local\Temp\tmp0suwp4y5
2026-05-08 23:44:23 | INFO     | src.validator.migration_validator | Found 1 migration file(s).
2026-05-08 23:44:23 | INFO     | src.validator.migration_validator | Validation passed.
2026-05-08 23:44:23 | INFO     | src.validator.migration_validator | Running migration validations on: /nonexistent/path
2026-05-08 23:44:24 | INFO     | src.validator.migration_validator | Running migration validations on: C:\Users\dell\AppData\Local\Temp\tmprbd_gkcd
