2026-05-09 19:38:25 | WARNING  | src.notifier.slack_notifier | SLACK_WEBHOOK_URL is not set. Skipping Slack notification.
2026-05-09 19:38:25 | INFO     | src.notifier.slack_notifier | Slack notification sent successfully.
2026-05-09 19:38:25 | INFO     | src.notifier.slack_notifier | Slack notification sent successfully.
2026-05-09 19:38:25 | INFO     | src.validator.migration_validator | Running migration validations on: C:\Users\dell\AppData\Local\Temp\tmpnd030_99
2026-05-09 19:38:25 | INFO     | src.validator.migration_validator | Found 2 migration file(s).
2026-05-09 19:38:25 | INFO     | src.validator.migration_validator | Validation passed.
2026-05-09 19:38:25 | INFO     | src.validator.migration_validator | Running migration validations on: C:\Users\dell\AppData\Local\Temp\tmpyoz5fcfz
2026-05-09 19:38:25 | INFO     | src.validator.migration_validator | Found 1 migration file(s).
2026-05-09 19:38:25 | ERROR    | src.validator.migration_validator | Validation failed:
Errors:
  - Invalid filename format: 'create_users.sql'. Expected format: V<version>__<description>.sql
2026-05-09 19:38:25 | INFO     | src.validator.migration_validator | Running migration validations on: C:\Users\dell\AppData\Local\Temp\tmpwm4h97xh
2026-05-09 19:38:25 | INFO     | src.validator.migration_validator | Found 1 migration file(s).
2026-05-09 19:38:25 | ERROR    | src.validator.migration_validator | Validation failed:
Errors:
  - Invalid filename format: 'v1__create_users.sql'. Expected format: V<version>__<description>.sql
2026-05-09 19:38:25 | INFO     | src.validator.migration_validator | Running migration validations on: C:\Users\dell\AppData\Local\Temp\tmp2242t_93
2026-05-09 19:38:25 | INFO     | src.validator.migration_validator | Found 2 migration file(s).
2026-05-09 19:38:25 | ERROR    | src.validator.migration_validator | Validation failed:
Errors:
  - Duplicate version number 1: 'V1__another_table.sql' and 'V1__create_users.sql'
Warnings:
  - Non-sequential version number: expected V2 but found V1. Gaps in version sequence detected.
2026-05-09 19:38:25 | INFO     | src.validator.migration_validator | Running migration validations on: C:\Users\dell\AppData\Local\Temp\tmpkc3kxod_
2026-05-09 19:38:25 | INFO     | src.validator.migration_validator | Found 2 migration file(s).
2026-05-09 19:38:25 | INFO     | src.validator.migration_validator | Validation passed.
2026-05-09 19:38:26 | INFO     | src.validator.migration_validator | Running migration validations on: C:\Users\dell\AppData\Local\Temp\tmplw3e07e_
2026-05-09 19:38:26 | INFO     | src.validator.migration_validator | Found 1 migration file(s).
2026-05-09 19:38:26 | ERROR    | src.validator.migration_validator | Validation failed:
Errors:
  - Migration file is empty: 'V1__create_users.sql'
2026-05-09 19:38:26 | INFO     | src.validator.migration_validator | Running migration validations on: C:\Users\dell\AppData\Local\Temp\tmpwyo60y1n
2026-05-09 19:38:26 | INFO     | src.validator.migration_validator | Found 1 migration file(s).
2026-05-09 19:38:26 | ERROR    | src.validator.migration_validator | Validation failed:
Errors:
  - Migration file is empty: 'V1__create_users.sql'
2026-05-09 19:38:26 | INFO     | src.validator.migration_validator | Running migration validations on: C:\Users\dell\AppData\Local\Temp\tmp5x9jnxis
2026-05-09 19:38:26 | INFO     | src.validator.migration_validator | Found 1 migration file(s).
2026-05-09 19:38:26 | INFO     | src.validator.migration_validator | Validation passed.
2026-05-09 19:38:26 | INFO     | src.validator.migration_validator | Running migration validations on: C:\Users\dell\AppData\Local\Temp\tmp22qi3dk5
2026-05-09 19:38:26 | INFO     | src.validator.migration_validator | Found 1 migration file(s).
2026-05-09 19:38:26 | INFO     | src.validator.migration_validator | Validation passed.
2026-05-09 19:38:26 | INFO     | src.validator.migration_validator | Running migration validations on: /nonexistent/path
2026-05-09 19:38:26 | INFO     | src.validator.migration_validator | Running migration validations on: C:\Users\dell\AppData\Local\Temp\tmpwtr5apye
