2026-05-09 19:21:05 | WARNING  | src.utils.helpers | Migrations directory not found: /nonexistent
2026-05-09 19:21:05 | WARNING  | src.notifier.slack_notifier | SLACK_WEBHOOK_URL is not set. Skipping Slack notification.
2026-05-09 19:21:05 | INFO     | src.notifier.slack_notifier | Slack notification sent successfully.
2026-05-09 19:21:05 | INFO     | src.notifier.slack_notifier | Slack notification sent successfully.
2026-05-09 19:21:05 | INFO     | src.validator.migration_validator | Running migration validations on: C:\Users\dell\AppData\Local\Temp\tmpc3kf269k
2026-05-09 19:21:05 | INFO     | src.validator.migration_validator | Found 2 migration file(s).
2026-05-09 19:21:06 | INFO     | src.validator.migration_validator | Validation passed.
2026-05-09 19:21:06 | INFO     | src.validator.migration_validator | Running migration validations on: C:\Users\dell\AppData\Local\Temp\tmpmjrsr512
2026-05-09 19:21:06 | INFO     | src.validator.migration_validator | Found 1 migration file(s).
2026-05-09 19:21:06 | ERROR    | src.validator.migration_validator | Validation failed:
Errors:
  - Invalid filename format: 'create_users.sql'. Expected format: V<version>__<description>.sql
2026-05-09 19:21:06 | INFO     | src.validator.migration_validator | Running migration validations on: C:\Users\dell\AppData\Local\Temp\tmpggxi8zpx
2026-05-09 19:21:06 | INFO     | src.validator.migration_validator | Found 1 migration file(s).
2026-05-09 19:21:06 | ERROR    | src.validator.migration_validator | Validation failed:
Errors:
  - Invalid filename format: 'v1__create_users.sql'. Expected format: V<version>__<description>.sql
2026-05-09 19:21:06 | INFO     | src.validator.migration_validator | Running migration validations on: C:\Users\dell\AppData\Local\Temp\tmp8mt01wfd
2026-05-09 19:21:06 | INFO     | src.validator.migration_validator | Found 2 migration file(s).
2026-05-09 19:21:06 | ERROR    | src.validator.migration_validator | Validation failed:
Errors:
  - Duplicate version number 1: 'V1__another_table.sql' and 'V1__create_users.sql'
Warnings:
  - Non-sequential version number: expected V2 but found V1. Gaps in version sequence detected.
2026-05-09 19:21:06 | INFO     | src.validator.migration_validator | Running migration validations on: C:\Users\dell\AppData\Local\Temp\tmpxhoipbfk
2026-05-09 19:21:06 | INFO     | src.validator.migration_validator | Found 2 migration file(s).
2026-05-09 19:21:06 | INFO     | src.validator.migration_validator | Validation passed.
2026-05-09 19:21:06 | INFO     | src.validator.migration_validator | Running migration validations on: C:\Users\dell\AppData\Local\Temp\tmp4bs011i1
2026-05-09 19:21:06 | INFO     | src.validator.migration_validator | Found 1 migration file(s).
2026-05-09 19:21:06 | ERROR    | src.validator.migration_validator | Validation failed:
Errors:
  - Migration file is empty: 'V1__create_users.sql'
2026-05-09 19:21:06 | INFO     | src.validator.migration_validator | Running migration validations on: C:\Users\dell\AppData\Local\Temp\tmpaionwuld
2026-05-09 19:21:06 | INFO     | src.validator.migration_validator | Found 1 migration file(s).
2026-05-09 19:21:06 | ERROR    | src.validator.migration_validator | Validation failed:
Errors:
  - Migration file is empty: 'V1__create_users.sql'
2026-05-09 19:21:06 | INFO     | src.validator.migration_validator | Running migration validations on: C:\Users\dell\AppData\Local\Temp\tmp1z16_jhj
2026-05-09 19:21:06 | INFO     | src.validator.migration_validator | Found 1 migration file(s).
2026-05-09 19:21:06 | INFO     | src.validator.migration_validator | Validation passed.
2026-05-09 19:21:06 | INFO     | src.validator.migration_validator | Running migration validations on: C:\Users\dell\AppData\Local\Temp\tmpt2bmhey2
2026-05-09 19:21:06 | INFO     | src.validator.migration_validator | Found 1 migration file(s).
2026-05-09 19:21:06 | INFO     | src.validator.migration_validator | Validation passed.
2026-05-09 19:21:06 | INFO     | src.validator.migration_validator | Running migration validations on: /nonexistent/path
2026-05-09 19:21:06 | INFO     | src.validator.migration_validator | Running migration validations on: C:\Users\dell\AppData\Local\Temp\tmp4nu_qerg
