2026-05-09 19:31:14 | WARNING  | src.utils.helpers | Migrations directory not found: /nonexistent
2026-05-09 19:31:15 | WARNING  | src.notifier.slack_notifier | SLACK_WEBHOOK_URL is not set. Skipping Slack notification.
2026-05-09 19:31:15 | INFO     | src.notifier.slack_notifier | Slack notification sent successfully.
2026-05-09 19:31:15 | INFO     | src.notifier.slack_notifier | Slack notification sent successfully.
2026-05-09 19:31:15 | INFO     | src.validator.migration_validator | Running migration validations on: C:\Users\dell\AppData\Local\Temp\tmpimajqot7
2026-05-09 19:31:15 | INFO     | src.validator.migration_validator | Found 2 migration file(s).
2026-05-09 19:31:15 | INFO     | src.validator.migration_validator | Validation passed.
2026-05-09 19:31:15 | INFO     | src.validator.migration_validator | Running migration validations on: C:\Users\dell\AppData\Local\Temp\tmpubnkm1er
2026-05-09 19:31:15 | INFO     | src.validator.migration_validator | Found 1 migration file(s).
2026-05-09 19:31:15 | ERROR    | src.validator.migration_validator | Validation failed:
Errors:
  - Invalid filename format: 'create_users.sql'. Expected format: V<version>__<description>.sql
2026-05-09 19:31:15 | INFO     | src.validator.migration_validator | Running migration validations on: C:\Users\dell\AppData\Local\Temp\tmpakdvlix0
2026-05-09 19:31:15 | INFO     | src.validator.migration_validator | Found 1 migration file(s).
2026-05-09 19:31:15 | ERROR    | src.validator.migration_validator | Validation failed:
Errors:
  - Invalid filename format: 'v1__create_users.sql'. Expected format: V<version>__<description>.sql
2026-05-09 19:31:15 | INFO     | src.validator.migration_validator | Running migration validations on: C:\Users\dell\AppData\Local\Temp\tmp3u_huywk
2026-05-09 19:31:15 | INFO     | src.validator.migration_validator | Found 2 migration file(s).
2026-05-09 19:31:15 | ERROR    | src.validator.migration_validator | Validation failed:
Errors:
  - Duplicate version number 1: 'V1__another_table.sql' and 'V1__create_users.sql'
Warnings:
  - Non-sequential version number: expected V2 but found V1. Gaps in version sequence detected.
2026-05-09 19:31:16 | INFO     | src.validator.migration_validator | Running migration validations on: C:\Users\dell\AppData\Local\Temp\tmp2ox4jknv
2026-05-09 19:31:16 | INFO     | src.validator.migration_validator | Found 2 migration file(s).
2026-05-09 19:31:16 | INFO     | src.validator.migration_validator | Validation passed.
2026-05-09 19:31:16 | INFO     | src.validator.migration_validator | Running migration validations on: C:\Users\dell\AppData\Local\Temp\tmph1ncwgoc
2026-05-09 19:31:16 | INFO     | src.validator.migration_validator | Found 1 migration file(s).
2026-05-09 19:31:16 | ERROR    | src.validator.migration_validator | Validation failed:
Errors:
  - Migration file is empty: 'V1__create_users.sql'
2026-05-09 19:31:16 | INFO     | src.validator.migration_validator | Running migration validations on: C:\Users\dell\AppData\Local\Temp\tmpulqo_i_3
2026-05-09 19:31:16 | INFO     | src.validator.migration_validator | Found 1 migration file(s).
2026-05-09 19:31:16 | ERROR    | src.validator.migration_validator | Validation failed:
Errors:
  - Migration file is empty: 'V1__create_users.sql'
2026-05-09 19:31:16 | INFO     | src.validator.migration_validator | Running migration validations on: C:\Users\dell\AppData\Local\Temp\tmp3o6i2f7k
2026-05-09 19:31:16 | INFO     | src.validator.migration_validator | Found 1 migration file(s).
2026-05-09 19:31:16 | INFO     | src.validator.migration_validator | Validation passed.
2026-05-09 19:31:16 | INFO     | src.validator.migration_validator | Running migration validations on: C:\Users\dell\AppData\Local\Temp\tmp71gazrwy
2026-05-09 19:31:16 | INFO     | src.validator.migration_validator | Found 1 migration file(s).
2026-05-09 19:31:16 | INFO     | src.validator.migration_validator | Validation passed.
2026-05-09 19:31:16 | INFO     | src.validator.migration_validator | Running migration validations on: /nonexistent/path
2026-05-09 19:31:16 | INFO     | src.validator.migration_validator | Running migration validations on: C:\Users\dell\AppData\Local\Temp\tmpjsulahq7
